Release 14.7 - xst P.20131013 (nt64)
Copyright (c) 1995-2013 Xilinx, Inc.  All rights reserved.
--> Parameter TMPDIR set to xst/projnav.tmp


Total REAL time to Xst completion: 0.00 secs
Total CPU time to Xst completion: 0.06 secs
 
--> Parameter xsthdpdir set to xst


Total REAL time to Xst completion: 0.00 secs
Total CPU time to Xst completion: 0.06 secs
 
--> Reading design: Instruction_Memory.prj

TABLE OF CONTENTS
  1) Synthesis Options Summary
  2) HDL Parsing
  3) HDL Elaboration
  4) HDL Synthesis
       4.1) HDL Synthesis Report
  5) Advanced HDL Synthesis
       5.1) Advanced HDL Synthesis Report
  6) Low Level Synthesis
  7) Partition Report
  8) Design Summary
       8.1) Primitive and Black Box Usage
       8.2) Device utilization summary
       8.3) Partition Resource Summary
       8.4) Timing Report
            8.4.1) Clock Information
            8.4.2) Asynchronous Control Signals Information
            8.4.3) Timing Summary
            8.4.4) Timing Details
            8.4.5) Cross Clock Domains Report


=========================================================================
*                      Synthesis Options Summary                        *
=========================================================================
---- Source Parameters
Input File Name                    : "Instruction_Memory.prj"
Ignore Synthesis Constraint File   : NO

---- Target Parameters
Output File Name                   : "Instruction_Memory"
Output Format                      : NGC
Target Device                      : xc7a100t-3-csg324

---- Source Options
Top Module Name                    : Instruction_Memory
Automatic FSM Extraction           : YES
FSM Encoding Algorithm             : Auto
Safe Implementation                : No
FSM Style                          : LUT
RAM Extraction                     : Yes
RAM Style                          : Auto
ROM Extraction                     : Yes
Shift Register Extraction          : YES
ROM Style                          : Auto
Resource Sharing                   : YES
Asynchronous To Synchronous        : NO
Shift Register Minimum Size        : 2
Use DSP Block                      : Auto
Automatic Register Balancing       : No

---- Target Options
LUT Combining                      : Auto
Reduce Control Sets                : Auto
Add IO Buffers                     : YES
Global Maximum Fanout              : 100000
Add Generic Clock Buffer(BUFG)     : 32
Register Duplication               : YES
Optimize Instantiated Primitives   : NO
Use Clock Enable                   : Auto
Use Synchronous Set                : Auto
Use Synchronous Reset              : Auto
Pack IO Registers into IOBs        : Auto
Equivalent register Removal        : YES

---- General Options
Optimization Goal                  : Speed
Optimization Effort                : 1
Power Reduction                    : NO
Keep Hierarchy                     : No
Netlist Hierarchy                  : As_Optimized
RTL Output                         : Yes
Global Optimization                : AllClockNets
Read Cores                         : YES
Write Timing Constraints           : NO
Cross Clock Analysis               : NO
Hierarchy Separator                : /
Bus Delimiter                      : <>
Case Specifier                     : Maintain
Slice Utilization Ratio            : 100
BRAM Utilization Ratio             : 100
DSP48 Utilization Ratio            : 100
Auto BRAM Packing                  : NO
Slice Utilization Ratio Delta      : 5

=========================================================================


=========================================================================
*                          HDL Parsing                                  *
=========================================================================
Parsing VHDL file "D:\Mina\Term 6\Computer Archetcture\Home\Project_4_4\Instruction_Memory.vhd" into library work
Parsing entity <Instruction_Memory>.
Parsing architecture <Behavioral> of entity <instruction_memory>.

=========================================================================
*                            HDL Elaboration                            *
=========================================================================

Elaborating entity <Instruction_Memory> (architecture <Behavioral>) from library <work>.

=========================================================================
*                           HDL Synthesis                               *
=========================================================================

Synthesizing Unit <Instruction_Memory>.
    Related source file is "D:\Mina\Term 6\Computer Archetcture\Home\Project_4_4\Instruction_Memory.vhd".
WARNING:Xst:2999 - Signal 'array_InstructionMemory', unconnected in block 'Instruction_Memory', is tied to its initial value.
    Found 32-bit register for signal <Output>.
    Found 32-bit adder for signal <n0011> created at line 1241.
    Found 32-bit adder for signal <n0013> created at line 1241.
    Found 32-bit adder for signal <n0015> created at line 1241.
WARNING:Xst:3035 - Index value(s) does not match array range for signal <array_InstructionMemory>, simulation mismatch.
    Found 28x8-bit dual-port Read Only RAM <Mram_array_InstructionMemory> for signal <array_InstructionMemory>.
    Summary:
	inferred   2 RAM(s).
	inferred   3 Adder/Subtractor(s).
	inferred  32 D-type flip-flop(s).
Unit <Instruction_Memory> synthesized.

=========================================================================
HDL Synthesis Report

Macro Statistics
# RAMs                                                 : 2
 28x8-bit dual-port Read Only RAM                      : 2
# Adders/Subtractors                                   : 3
 32-bit adder                                          : 3
# Registers                                            : 1
 32-bit register                                       : 1

=========================================================================

=========================================================================
*                       Advanced HDL Synthesis                          *
=========================================================================


Synthesizing (advanced) Unit <Instruction_Memory>.
INFO:Xst:3231 - The small RAM <Mram_array_InstructionMemory> will be implemented on LUTs in order to maximize performance and save block RAM resources. If you want to force its implementation on block, use option/constraint ram_style.
    -----------------------------------------------------------------------
    | ram_type           | Distributed                         |          |
    -----------------------------------------------------------------------
    | Port A                                                              |
    |     aspect ratio   | 28-word x 8-bit                     |          |
    |     weA            | connected to signal <GND>           | high     |
    |     addrA          | connected to signal <Address>       |          |
    |     diA            | connected to signal <GND>           |          |
    |     doA            | connected to internal node          |          |
    -----------------------------------------------------------------------
    | Port B                                                              |
    |     aspect ratio   | 28-word x 8-bit                     |          |
    |     addrB          | connected to signal <n0011>         |          |
    |     doB            | connected to internal node          |          |
    -----------------------------------------------------------------------
INFO:Xst:3231 - The small RAM <Mram_array_InstructionMemory1> will be implemented on LUTs in order to maximize performance and save block RAM resources. If you want to force its implementation on block, use option/constraint ram_style.
    -----------------------------------------------------------------------
    | ram_type           | Distributed                         |          |
    -----------------------------------------------------------------------
    | Port A                                                              |
    |     aspect ratio   | 28-word x 8-bit                     |          |
    |     weA            | connected to signal <GND>           | high     |
    |     addrA          | connected to signal <n0013>         |          |
    |     diA            | connected to signal <GND>           |          |
    |     doA            | connected to internal node          |          |
    -----------------------------------------------------------------------
    | Port B                                                              |
    |     aspect ratio   | 28-word x 8-bit                     |          |
    |     addrB          | connected to signal <n0015>         |          |
    |     doB            | connected to internal node          |          |
    -----------------------------------------------------------------------
Unit <Instruction_Memory> synthesized (advanced).

=========================================================================
Advanced HDL Synthesis Report

Macro Statistics
# RAMs                                                 : 2
 28x8-bit dual-port distributed Read Only RAM          : 2
# Adders/Subtractors                                   : 3
 5-bit adder                                           : 3
# Registers                                            : 32
 Flip-Flops                                            : 32

=========================================================================

=========================================================================
*                         Low Level Synthesis                           *
=========================================================================

Optimizing unit <Instruction_Memory> ...

Mapping all equations...
Building and optimizing final netlist ...
Found area constraint ratio of 100 (+ 5) on block Instruction_Memory, actual ratio is 0.

Final Macro Processing ...

=========================================================================
Final Register Report

Macro Statistics
# Registers                                            : 32
 Flip-Flops                                            : 32

=========================================================================

=========================================================================
*                           Partition Report                            *
=========================================================================

Partition Implementation Status
-------------------------------

  No Partitions were found in this design.

-------------------------------

=========================================================================
*                            Design Summary                             *
=========================================================================

Top Level Output File Name         : Instruction_Memory.ngc

Primitive and Black Box Usage:
------------------------------
# BELS                             : 15
#      GND                         : 1
#      INV                         : 2
#      LUT2                        : 3
#      LUT3                        : 3
#      LUT4                        : 3
#      LUT5                        : 2
#      VCC                         : 1
# FlipFlops/Latches                : 32
#      FD                          : 32
# RAMS                             : 16
#      RAM32X1D                    : 16
# Clock Buffers                    : 1
#      BUFGP                       : 1
# IO Buffers                       : 37
#      IBUF                        : 5
#      OBUF                        : 32

Device utilization summary:
---------------------------

Selected Device : 7a100tcsg324-3 


Slice Logic Utilization: 
 Number of Slice LUTs:                   45  out of  63400     0%  
    Number used as Logic:                13  out of  63400     0%  
    Number used as Memory:               32  out of  19000     0%  
       Number used as RAM:               32

Slice Logic Distribution: 
 Number of LUT Flip Flop pairs used:     45
   Number with an unused Flip Flop:      45  out of     45   100%  
   Number with an unused LUT:             0  out of     45     0%  
   Number of fully used LUT-FF pairs:     0  out of     45     0%  
   Number of unique control sets:         1

IO Utilization: 
 Number of IOs:                          65
 Number of bonded IOBs:                  38  out of    210    18%  
    IOB Flip Flops/Latches:              32

Specific Feature Utilization:
 Number of BUFG/BUFGCTRLs:                1  out of     32     3%  

---------------------------
Partition Resource Summary:
---------------------------

  No Partitions were found in this design.

---------------------------


=========================================================================
Timing Report

NOTE: THESE TIMING NUMBERS ARE ONLY A SYNTHESIS ESTIMATE.
      FOR ACCURATE TIMING INFORMATION PLEASE REFER TO THE TRACE REPORT
      GENERATED AFTER PLACE-and-ROUTE.

Clock Information:
------------------
-----------------------------------+------------------------------------+-------+
Clock Signal                       | Clock buffer(FF name)              | Load  |
-----------------------------------+------------------------------------+-------+
Clk                                | BUFGP                              | 32    |
N0                                 | NONE(Mram_array_InstructionMemory2)| 16    |
-----------------------------------+------------------------------------+-------+
INFO:Xst:2169 - HDL ADVISOR - Some clock signals were not automatically buffered by XST with BUFG/BUFR resources. Please use the buffer_type constraint in order to insert these buffers to the clock signals to help prevent skew problems.

Asynchronous Control Signals Information:
----------------------------------------
No asynchronous control signals found in this design

Timing Summary:
---------------
Speed Grade: -3

   Minimum period: No path found
   Minimum input arrival time before clock: 1.523ns
   Maximum output required time after clock: 0.640ns
   Maximum combinational path delay: No path found

Timing Details:
---------------
All values displayed in nanoseconds (ns)

=========================================================================
Timing constraint: Default OFFSET IN BEFORE for Clock 'Clk'
  Total number of paths / destination ports: 368 / 32
-------------------------------------------------------------------------
Offset:              1.523ns (Levels of Logic = 3)
  Source:            Address<4> (PAD)
  Destination:       Output_sliced_sliced_7 (FF)
  Destination Clock: Clk rising

  Data Path: Address<4> to Output_sliced_sliced_7
                                Gate     Net
    Cell:in->out      fanout   Delay   Delay  Logical Name (Net Name)
    ----------------------------------------  ------------
     IBUF:I->O            11   0.001   0.730  Address_4_IBUF (Address_4_IBUF)
     LUT5:I0->O            8   0.097   0.311  n0015<4>1 (n0015<4>)
     RAM32X1D:DPRA4->DPO    1   0.097   0.279  Mram_array_InstructionMemory12 (Address[31]_read_port_6_OUT<1>)
     FD:D                      0.008          Output_sliced_sliced_sliced_6
    ----------------------------------------
    Total                      1.523ns (0.203ns logic, 1.320ns route)
                                       (13.3% logic, 86.7% route)

=========================================================================
Timing constraint: Default OFFSET IN BEFORE for Clock 'N0'
  Total number of paths / destination ports: 368 / 160
-------------------------------------------------------------------------
Offset:              1.202ns (Levels of Logic = 2)
  Source:            Address<4> (PAD)
  Destination:       Mram_array_InstructionMemory2 (RAM)
  Destination Clock: N0 rising

  Data Path: Address<4> to Mram_array_InstructionMemory2
                                Gate     Net
    Cell:in->out      fanout   Delay   Delay  Logical Name (Net Name)
    ----------------------------------------  ------------
     IBUF:I->O            11   0.001   0.730  Address_4_IBUF (Address_4_IBUF)
     LUT5:I0->O            8   0.097   0.311  n0015<4>1 (n0015<4>)
     RAM32X1D:DPRA4            0.063          Mram_array_InstructionMemory12
    ----------------------------------------
    Total                      1.202ns (0.161ns logic, 1.041ns route)
                                       (13.4% logic, 86.6% route)

=========================================================================
Timing constraint: Default OFFSET OUT AFTER for Clock 'Clk'
  Total number of paths / destination ports: 32 / 32
-------------------------------------------------------------------------
Offset:              0.640ns (Levels of Logic = 1)
  Source:            Output_sliced1_0 (FF)
  Destination:       Output<31> (PAD)
  Source Clock:      Clk rising

  Data Path: Output_sliced1_0 to Output<31>
                                Gate     Net
    Cell:in->out      fanout   Delay   Delay  Logical Name (Net Name)
    ----------------------------------------  ------------
     FD:C->Q               1   0.361   0.279  Output_sliced1_0 (Output_sliced1_0)
     OBUF:I->O                 0.000          Output_31_OBUF (Output<31>)
    ----------------------------------------
    Total                      0.640ns (0.361ns logic, 0.279ns route)
                                       (56.4% logic, 43.6% route)

=========================================================================

Cross Clock Domains Report:
--------------------------

Clock to Setup on destination clock Clk
---------------+---------+---------+---------+---------+
               | Src:Rise| Src:Fall| Src:Rise| Src:Fall|
Source Clock   |Dest:Rise|Dest:Rise|Dest:Fall|Dest:Fall|
---------------+---------+---------+---------+---------+
N0             |    1.149|         |         |         |
---------------+---------+---------+---------+---------+

=========================================================================


Total REAL time to Xst completion: 5.00 secs
Total CPU time to Xst completion: 4.52 secs
 
--> 

Total memory usage is 4692128 kilobytes

Number of errors   :    0 (   0 filtered)
Number of warnings :    2 (   0 filtered)
Number of infos    :    3 (   0 filtered)

