ISim log file
Running: D:\Mina\Term 6\Computer Archetcture\Project\MinaMagdyKamel_19102154_2022\Project\MIPS_isim_beh.exe -intstyle ise -gui -tclbatch isim.cmd -wdb D:/Mina/Term 6/Computer Archetcture/Project/MinaMagdyKamel_19102154_2022/Project/MIPS_isim_beh.wdb 
ISim P.20131013 (signature 0x7708f090)
This is a Full version of ISim.
Time resolution is 1 ps
# onerror resume
# wave add /
# run 1000 ns
Simulator is doing circuit initialization process.
at 0 ps, Instance /mips/PC_Adder/ : Warning: There is an 'U'|'X'|'W'|'Z'|'-' in an arithmetic operand, the result will be 'X'(es).
at 0 ps, Instance /mips/IR_Component/ : Warning: NUMERIC_STD.TO_INTEGER: metavalue detected, returning 0
at 0 ps, Instance /mips/IR_Component/ : Warning: NUMERIC_STD.TO_INTEGER: metavalue detected, returning 0
at 0 ps, Instance /mips/IR_Component/ : Warning: NUMERIC_STD.TO_INTEGER: metavalue detected, returning 0
at 0 ps, Instance /mips/IR_Component/ : Warning: NUMERIC_STD.TO_INTEGER: metavalue detected, returning 0
at 0 ps, Instance /mips/Reg_Files_Component/ : Warning: NUMERIC_STD.TO_INTEGER: metavalue detected, returning 0
at 0 ps, Instance /mips/Reg_Files_Component/ : Warning: NUMERIC_STD.TO_INTEGER: metavalue detected, returning 0
Finished circuit initialization process.
# isim force add /mips/clk 1 -radix bin -value 0 -radix bin -time 5 us -repeat 10 us -cancel 100 us
# isim force add /mips/clk 1 -radix bin -value 0 -radix bin -time 5 us -repeat 10 us -cancel 100 us
# run all
ERROR: Index 24 out of bound 0 to 23. 
ERROR: In process Instruction_Memory.vhd:26 
 
INFO: Simulator is stopped.
