Release 14.7 - xst P.20131013 (nt64)
Copyright (c) 1995-2013 Xilinx, Inc.  All rights reserved.
--> Parameter TMPDIR set to xst/projnav.tmp


Total REAL time to Xst completion: 0.00 secs
Total CPU time to Xst completion: 0.06 secs
 
--> Parameter xsthdpdir set to xst


Total REAL time to Xst completion: 0.00 secs
Total CPU time to Xst completion: 0.06 secs
 
--> Reading design: MIPS.prj

TABLE OF CONTENTS
  1) Synthesis Options Summary
  2) HDL Parsing
  3) HDL Elaboration
  4) HDL Synthesis
       4.1) HDL Synthesis Report
  5) Advanced HDL Synthesis
       5.1) Advanced HDL Synthesis Report
  6) Low Level Synthesis
  7) Partition Report
  8) Design Summary
       8.1) Primitive and Black Box Usage
       8.2) Device utilization summary
       8.3) Partition Resource Summary
       8.4) Timing Report
            8.4.1) Clock Information
            8.4.2) Asynchronous Control Signals Information
            8.4.3) Timing Summary
            8.4.4) Timing Details
            8.4.5) Cross Clock Domains Report


=========================================================================
*                      Synthesis Options Summary                        *
=========================================================================
---- Source Parameters
Input File Name                    : "MIPS.prj"
Ignore Synthesis Constraint File   : NO

---- Target Parameters
Output File Name                   : "MIPS"
Output Format                      : NGC
Target Device                      : xc7a100t-3-csg324

---- Source Options
Top Module Name                    : MIPS
Automatic FSM Extraction           : YES
FSM Encoding Algorithm             : Auto
Safe Implementation                : No
FSM Style                          : LUT
RAM Extraction                     : Yes
RAM Style                          : Auto
ROM Extraction                     : Yes
Shift Register Extraction          : YES
ROM Style                          : Auto
Resource Sharing                   : YES
Asynchronous To Synchronous        : NO
Shift Register Minimum Size        : 2
Use DSP Block                      : Auto
Automatic Register Balancing       : No

---- Target Options
LUT Combining                      : Auto
Reduce Control Sets                : Auto
Add IO Buffers                     : YES
Global Maximum Fanout              : 100000
Add Generic Clock Buffer(BUFG)     : 32
Register Duplication               : YES
Optimize Instantiated Primitives   : NO
Use Clock Enable                   : Auto
Use Synchronous Set                : Auto
Use Synchronous Reset              : Auto
Pack IO Registers into IOBs        : Auto
Equivalent register Removal        : YES

---- General Options
Optimization Goal                  : Speed
Optimization Effort                : 1
Power Reduction                    : NO
Keep Hierarchy                     : No
Netlist Hierarchy                  : As_Optimized
RTL Output                         : Yes
Global Optimization                : AllClockNets
Read Cores                         : YES
Write Timing Constraints           : NO
Cross Clock Analysis               : NO
Hierarchy Separator                : /
Bus Delimiter                      : <>
Case Specifier                     : Maintain
Slice Utilization Ratio            : 100
BRAM Utilization Ratio             : 100
DSP48 Utilization Ratio            : 100
Auto BRAM Packing                  : NO
Slice Utilization Ratio Delta      : 5

=========================================================================


=========================================================================
*                          HDL Parsing                                  *
=========================================================================
Parsing VHDL file "D:\Mina\Term 6\Computer Archetcture\Home\Project_22_4\SignExtend.vhd" into library work
Parsing entity <SignExtend>.
Parsing architecture <Behavioral> of entity <signextend>.
Parsing VHDL file "D:\Mina\Term 6\Computer Archetcture\Home\Project_22_4\Shift_Left_32_32.vhd" into library work
Parsing entity <Shift_Left_32_32>.
Parsing architecture <Behavioral> of entity <shift_left_32_32>.
Parsing VHDL file "D:\Mina\Term 6\Computer Archetcture\Home\Project_22_4\Reg_Files.vhd" into library work
Parsing entity <Reg_Files>.
Parsing architecture <Behavioral> of entity <reg_files>.
Parsing VHDL file "D:\Mina\Term 6\Computer Archetcture\Home\Project_22_4\PC.vhd" into library work
Parsing entity <PC>.
Parsing architecture <Behavioral> of entity <pc>.
Parsing VHDL file "D:\Mina\Term 6\Computer Archetcture\Home\Project_22_4\MUX_2_1_5Bits.vhd" into library work
Parsing entity <MUX_2_1_5Bits>.
Parsing architecture <Behavioral> of entity <mux_2_1_5bits>.
Parsing VHDL file "D:\Mina\Term 6\Computer Archetcture\Home\Project_22_4\MUX_2_1.vhd" into library work
Parsing entity <MUX_2_1>.
Parsing architecture <Behavioral> of entity <mux_2_1>.
Parsing VHDL file "D:\Mina\Term 6\Computer Archetcture\Home\Project_22_4\Instruction_Memory.vhd" into library work
Parsing entity <Instruction_Memory>.
Parsing architecture <Behavioral> of entity <instruction_memory>.
Parsing VHDL file "D:\Mina\Term 6\Computer Archetcture\Home\Project_22_4\Data_Memory.vhd" into library work
Parsing entity <Data_Memory>.
Parsing architecture <Behavioral> of entity <data_memory>.
Parsing VHDL file "D:\Mina\Term 6\Computer Archetcture\Home\Project_22_4\Control_Unit.vhd" into library work
Parsing entity <Control_Unit>.
Parsing architecture <Behavioral> of entity <control_unit>.
Parsing VHDL file "D:\Mina\Term 6\Computer Archetcture\Home\Project_22_4\ALU_Control.vhd" into library work
Parsing entity <ALU_Control>.
Parsing architecture <Behavioral> of entity <alu_control>.
Parsing VHDL file "D:\Mina\Term 6\Computer Archetcture\Home\Project_22_4\ALU.vhd" into library work
Parsing entity <ALU>.
Parsing architecture <Behavioral> of entity <alu>.
Parsing VHDL file "D:\Mina\Term 6\Computer Archetcture\Home\Project_22_4\Adder.vhd" into library work
Parsing entity <Adder>.
Parsing architecture <Behavioral> of entity <adder>.
Parsing VHDL file "D:\Mina\Term 6\Computer Archetcture\Home\Project_22_4\MIPS.vhd" into library work
Parsing entity <MIPS>.
Parsing architecture <Behavioral> of entity <mips>.
WARNING:HDLCompiler:946 - "D:\Mina\Term 6\Computer Archetcture\Home\Project_22_4\MIPS.vhd" Line 184: Actual for formal port s is neither a static name nor a globally static expression

=========================================================================
*                            HDL Elaboration                            *
=========================================================================

Elaborating entity <MIPS> (architecture <Behavioral>) from library <work>.

Elaborating entity <PC> (architecture <Behavioral>) from library <work>.

Elaborating entity <Adder> (architecture <Behavioral>) from library <work>.

Elaborating entity <Instruction_Memory> (architecture <Behavioral>) from library <work>.

Elaborating entity <Control_Unit> (architecture <Behavioral>) from library <work>.

Elaborating entity <MUX_2_1_5Bits> (architecture <Behavioral>) from library <work>.

Elaborating entity <MUX_2_1> (architecture <Behavioral>) from library <work>.

Elaborating entity <Reg_Files> (architecture <Behavioral>) from library <work>.
WARNING:HDLCompiler:92 - "D:\Mina\Term 6\Computer Archetcture\Home\Project_22_4\Reg_Files.vhd" Line 33: clk should be on the sensitivity list of the process

Elaborating entity <SignExtend> (architecture <Behavioral>) from library <work>.

Elaborating entity <Shift_Left_32_32> (architecture <Behavioral>) from library <work>.

Elaborating entity <ALU_Control> (architecture <Behavioral>) from library <work>.

Elaborating entity <ALU> (architecture <Behavioral>) from library <work>.

Elaborating entity <Data_Memory> (architecture <Behavioral>) from library <work>.
WARNING:HDLCompiler:92 - "D:\Mina\Term 6\Computer Archetcture\Home\Project_22_4\Data_Memory.vhd" Line 29: array_memory should be on the sensitivity list of the process
WARNING:HDLCompiler:92 - "D:\Mina\Term 6\Computer Archetcture\Home\Project_22_4\Data_Memory.vhd" Line 30: array_memory should be on the sensitivity list of the process
WARNING:HDLCompiler:92 - "D:\Mina\Term 6\Computer Archetcture\Home\Project_22_4\Data_Memory.vhd" Line 31: array_memory should be on the sensitivity list of the process
WARNING:HDLCompiler:92 - "D:\Mina\Term 6\Computer Archetcture\Home\Project_22_4\Data_Memory.vhd" Line 32: array_memory should be on the sensitivity list of the process
WARNING:HDLCompiler:634 - "D:\Mina\Term 6\Computer Archetcture\Home\Project_22_4\MIPS.vhd" Line 133: Net <AluIn_1[31]> does not have a driver.
WARNING:Xst:2972 - "D:\Mina\Term 6\Computer Archetcture\Home\Project_22_4\MIPS.vhd" line 160. All outputs of instance <PC_Component> of block <PC> are unconnected in block <MIPS>. Underlying logic will be removed.
WARNING:Xst:2972 - "D:\Mina\Term 6\Computer Archetcture\Home\Project_22_4\MIPS.vhd" line 161. All outputs of instance <PC_Adder> of block <Adder> are unconnected in block <MIPS>. Underlying logic will be removed.
WARNING:Xst:2972 - "D:\Mina\Term 6\Computer Archetcture\Home\Project_22_4\MIPS.vhd" line 162. All outputs of instance <Branch_Adder> of block <Adder> are unconnected in block <MIPS>. Underlying logic will be removed.
WARNING:Xst:2972 - "D:\Mina\Term 6\Computer Archetcture\Home\Project_22_4\MIPS.vhd" line 165. All outputs of instance <IR_Component> of block <Instruction_Memory> are unconnected in block <MIPS>. Underlying logic will be removed.
WARNING:Xst:2972 - "D:\Mina\Term 6\Computer Archetcture\Home\Project_22_4\MIPS.vhd" line 169. All outputs of instance <ControlUnit_Component> of block <Control_Unit> are unconnected in block <MIPS>. Underlying logic will be removed.
WARNING:Xst:2972 - "D:\Mina\Term 6\Computer Archetcture\Home\Project_22_4\MIPS.vhd" line 175. All outputs of instance <RegDst_MUX> of block <MUX_2_1_5Bits> are unconnected in block <MIPS>. Underlying logic will be removed.
WARNING:Xst:2972 - "D:\Mina\Term 6\Computer Archetcture\Home\Project_22_4\MIPS.vhd" line 178. All outputs of instance <MemToReg_Mux> of block <MUX_2_1> are unconnected in block <MIPS>. Underlying logic will be removed.
WARNING:Xst:2972 - "D:\Mina\Term 6\Computer Archetcture\Home\Project_22_4\MIPS.vhd" line 181. All outputs of instance <AluSrc_Mux> of block <MUX_2_1> are unconnected in block <MIPS>. Underlying logic will be removed.
WARNING:Xst:2972 - "D:\Mina\Term 6\Computer Archetcture\Home\Project_22_4\MIPS.vhd" line 184. All outputs of instance <Branch_Mux> of block <MUX_2_1> are unconnected in block <MIPS>. Underlying logic will be removed.
WARNING:Xst:2972 - "D:\Mina\Term 6\Computer Archetcture\Home\Project_22_4\MIPS.vhd" line 187. All outputs of instance <Reg_Files_Component> of block <Reg_Files> are unconnected in block <MIPS>. Underlying logic will be removed.
WARNING:Xst:2972 - "D:\Mina\Term 6\Computer Archetcture\Home\Project_22_4\MIPS.vhd" line 191. All outputs of instance <SignExtend_Component> of block <SignExtend> are unconnected in block <MIPS>. Underlying logic will be removed.
WARNING:Xst:2972 - "D:\Mina\Term 6\Computer Archetcture\Home\Project_22_4\MIPS.vhd" line 194. All outputs of instance <Shift_Left_32_32_Component> of block <Shift_Left_32_32> are unconnected in block <MIPS>. Underlying logic will be removed.
WARNING:Xst:2972 - "D:\Mina\Term 6\Computer Archetcture\Home\Project_22_4\MIPS.vhd" line 198. All outputs of instance <ALU_Control_Component> of block <ALU_Control> are unconnected in block <MIPS>. Underlying logic will be removed.
WARNING:Xst:2972 - "D:\Mina\Term 6\Computer Archetcture\Home\Project_22_4\MIPS.vhd" line 201. All outputs of instance <ALU_Component> of block <ALU> are unconnected in block <MIPS>. Underlying logic will be removed.
WARNING:Xst:2972 - "D:\Mina\Term 6\Computer Archetcture\Home\Project_22_4\MIPS.vhd" line 204. All outputs of instance <Data_Memory_Component> of block <Data_Memory> are unconnected in block <MIPS>. Underlying logic will be removed.

=========================================================================
*                           HDL Synthesis                               *
=========================================================================

Synthesizing Unit <MIPS>.
    Related source file is "D:\Mina\Term 6\Computer Archetcture\Home\Project_22_4\MIPS.vhd".
INFO:Xst:3210 - "D:\Mina\Term 6\Computer Archetcture\Home\Project_22_4\MIPS.vhd" line 187: Output port <Read_Data_1> of the instance <Reg_Files_Component> is unconnected or connected to loadless signal.
WARNING:Xst:653 - Signal <AluIn_1> is used but never assigned. This sourceless signal will be automatically connected to value GND.
    Summary:
	no macro.
Unit <MIPS> synthesized.

=========================================================================
HDL Synthesis Report

Found no macro
=========================================================================

=========================================================================
*                       Advanced HDL Synthesis                          *
=========================================================================


=========================================================================
Advanced HDL Synthesis Report

Found no macro
=========================================================================

=========================================================================
*                         Low Level Synthesis                           *
=========================================================================

Optimizing unit <MIPS> ...

Mapping all equations...
Building and optimizing final netlist ...
Found area constraint ratio of 100 (+ 5) on block MIPS, actual ratio is 0.

Final Macro Processing ...

=========================================================================
Final Register Report

Found no macro
=========================================================================

=========================================================================
*                           Partition Report                            *
=========================================================================

Partition Implementation Status
-------------------------------

  No Partitions were found in this design.

-------------------------------

=========================================================================
*                            Design Summary                             *
=========================================================================

Top Level Output File Name         : MIPS.ngc

Primitive and Black Box Usage:
------------------------------

Device utilization summary:
---------------------------

Selected Device : 7a100tcsg324-3 


Slice Logic Utilization: 

Slice Logic Distribution: 
 Number of LUT Flip Flop pairs used:      0
   Number with an unused Flip Flop:       0  out of      0         
   Number with an unused LUT:             0  out of      0         
   Number of fully used LUT-FF pairs:     0  out of      0         
   Number of unique control sets:         0

IO Utilization: 
 Number of IOs:                           1
 Number of bonded IOBs:                   0  out of    210     0%  

Specific Feature Utilization:

---------------------------
Partition Resource Summary:
---------------------------

  No Partitions were found in this design.

---------------------------


=========================================================================
Timing Report

NOTE: THESE TIMING NUMBERS ARE ONLY A SYNTHESIS ESTIMATE.
      FOR ACCURATE TIMING INFORMATION PLEASE REFER TO THE TRACE REPORT
      GENERATED AFTER PLACE-and-ROUTE.

Clock Information:
------------------
No clock signals found in this design

Asynchronous Control Signals Information:
----------------------------------------
No asynchronous control signals found in this design

Timing Summary:
---------------
Speed Grade: -3

   Minimum period: No path found
   Minimum input arrival time before clock: No path found
   Maximum output required time after clock: No path found
   Maximum combinational path delay: No path found

Timing Details:
---------------
All values displayed in nanoseconds (ns)

=========================================================================

Cross Clock Domains Report:
--------------------------

=========================================================================


Total REAL time to Xst completion: 5.00 secs
Total CPU time to Xst completion: 4.46 secs
 
--> 

Total memory usage is 4687584 kilobytes

Number of errors   :    0 (   0 filtered)
Number of warnings :   23 (   0 filtered)
Number of infos    :    1 (   0 filtered)

